#
# There is insufficient memory for the Java Runtime Environment to continue.
# Native memory allocation (malloc) failed to allocate 1643392 bytes for Chunk::new
# Possible reasons:
#   The system is out of physical RAM or swap space
#   The process is running with CompressedOops enabled, and the Java Heap may be blocking the growth of the native heap
# Possible solutions:
#   Reduce memory load on the system
#   Increase physical memory or swap space
#   Check if swap backing store is full
#   Decrease Java heap size (-Xmx/-Xms)
#   Decrease number of Java threads
#   Decrease Java thread stack sizes (-Xss)
#   Set larger code cache with -XX:ReservedCodeCacheSize=
#   JVM is running with Unscaled Compressed Oops mode in which the Java heap is
#     placed in the first 4GB address space. The Java Heap base address is the
#     maximum limit for the native heap growth. Please use -XX:HeapBaseMinAddress
#     to set the Java Heap base and to place the Java Heap above 4GB virtual address.
# This output file may be truncated or incomplete.
#
#  Out of Memory Error (allocation.cpp:389), pid=5616, tid=0x0000000000001c10
#
# JRE version: Java(TM) SE Runtime Environment (8.0_251-b08) (build 1.8.0_251-b08)
# Java VM: Java HotSpot(TM) 64-Bit Server VM (25.251-b08 mixed mode windows-amd64 compressed oops)
# Failed to write core dump. Minidumps are not enabled by default on client versions of Windows
#

---------------  T H R E A D  ---------------

Current thread (0x0000000014e95000):  JavaThread "C2 CompilerThread0" daemon [_thread_in_native, id=7184, stack(0x00000000164f0000,0x00000000165f0000)]

Stack: [0x00000000164f0000,0x00000000165f0000]
[error occurred during error reporting (printing stack bounds), id 0xc0000005]

Native frames: (J=compiled Java code, j=interpreted, Vv=VM code, C=native code)


Current CompileTask:
C2:   3461 2928       4       java.net.URLClassLoader$1::run (5 bytes)


---------------  P R O C E S S  ---------------

Java Threads: ( => current thread )
  0x0000000016820800 JavaThread "Service Thread" daemon [_thread_blocked, id=7212, stack(0x0000000016bf0000,0x0000000016cf0000)]
  0x0000000014e9e800 JavaThread "C1 CompilerThread2" daemon [_thread_blocked, id=10200, stack(0x00000000166f0000,0x00000000167f0000)]
  0x0000000014e99000 JavaThread "C2 CompilerThread1" daemon [_thread_in_native, id=6556, stack(0x00000000165f0000,0x00000000166f0000)]
=>0x0000000014e95000 JavaThread "C2 CompilerThread0" daemon [_thread_in_native, id=7184, stack(0x00000000164f0000,0x00000000165f0000)]
  0x0000000014e90000 JavaThread "Attach Listener" daemon [_thread_blocked, id=13528, stack(0x00000000163f0000,0x00000000164f0000)]
  0x0000000014e8c800 JavaThread "Signal Dispatcher" daemon [_thread_blocked, id=4716, stack(0x00000000162f0000,0x00000000163f0000)]
  0x000000000282d800 JavaThread "Finalizer" daemon [_thread_blocked, id=15348, stack(0x00000000160e0000,0x00000000161e0000)]
  0x0000000014e7a000 JavaThread "Reference Handler" daemon [_thread_blocked, id=8928, stack(0x0000000015fe0000,0x00000000160e0000)]
  0x0000000002732800 JavaThread "main" [_thread_in_native, id=10800, stack(0x0000000002630000,0x0000000002730000)]

Other Threads:
  0x0000000014e58000 VMThread [stack: 0x0000000015ee0000,0x0000000015fe0000] [id=13040]
  0x0000000014eec000 WatcherThread [stack: 0x0000000016e50000,0x0000000016f50000] [id=12716]

VM state:not at safepoint (normal execution)

VM Mutex/Monitor currently owned by a thread: None

heap address: 0x00000000c0c00000, size: 1012 MB, Compressed Oops mode: 32-bit
Narrow klass base: 0x0000000000000000, Narrow klass shift: 3
Compressed class space size: 1073741824 Address: 0x0000000100000000

Heap:
 PSYoungGen      total 72192K, used 60877K [0x00000000eaf00000, 0x00000000efd00000, 0x0000000100000000)
  eden space 65536K, 85% used [0x00000000eaf00000,0x00000000ee6077e8,0x00000000eef00000)
  from space 6656K, 68% used [0x00000000ef680000,0x00000000efaec010,0x00000000efd00000)
  to   space 7168K, 0% used [0x00000000eef00000,0x00000000eef00000,0x00000000ef600000)
 ParOldGen       total 44032K, used 9924K [0x00000000c0c00000, 0x00000000c3700000, 0x00000000eaf00000)
  object space 44032K, 22% used [0x00000000c0c00000,0x00000000c15b1020,0x00000000c3700000)
 Metaspace       used 17722K, capacity 18276K, committed 18432K, reserved 1064960K
  class space    used 2171K, capacity 2297K, committed 2304K, reserved 1048576K

Card table byte_map: [0x0000000011bf0000,0x0000000011df0000] byte_map_base: 0x00000000115ea000

Marking Bits: (ParMarkBitMap*) 0x00000000640faf90
 Begin Bits: [0x0000000012350000, 0x0000000013320000)
 End Bits:   [0x0000000013320000, 0x00000000142f0000)

Polling page: 0x00000000008c0000

CodeCache: size=245760Kb used=10975Kb max_used=10975Kb free=234784Kb
 bounds [0x0000000002830000, 0x0000000003300000, 0x0000000011830000]
 total_blobs=3474 nmethods=3124 adapters=262
 compilation: enabled

Compilation events (10 events):
Event: 3.449 Thread 0x0000000014e9e800 3133       3       org.eclipse.aether.internal.impl.DefaultDependencyCollector::createVersionRangeRequest (46 bytes)
Event: 3.450 Thread 0x0000000014e9e800 nmethod 3133 0x00000000032e8b50 code [0x00000000032e8d00, 0x00000000032e9630]
Event: 3.450 Thread 0x0000000014e9e800 3131       3       org.eclipse.aether.internal.impl.DefaultDependencyCollector::createDependencyNode (62 bytes)
Event: 3.450 Thread 0x0000000014e9e800 nmethod 3131 0x00000000032e9910 code [0x00000000032e9b20, 0x00000000032ea9a8]
Event: 3.450 Thread 0x0000000014e9e800 3134       3       org.eclipse.aether.internal.impl.DefaultDependencyCollector::doRecurse (233 bytes)
Event: 3.451 Thread 0x0000000014e9e800 nmethod 3134 0x00000000032eaf10 code [0x00000000032eb1c0, 0x00000000032ec968]
Event: 3.451 Thread 0x0000000014e9e800 3123       3       org.apache.maven.model.building.ModelCacheTag$1::fromCache (9 bytes)
Event: 3.451 Thread 0x0000000014e9e800 nmethod 3123 0x00000000032ed850 code [0x00000000032ed9c0, 0x00000000032edd88]
Event: 3.452 Thread 0x0000000014e9e800 3135       3       org.apache.maven.model.management.DefaultPluginManagementInjector$ManagementModelMerger::mergePlugin_Executions (208 bytes)
Event: 3.454 Thread 0x0000000014e9e800 nmethod 3135 0x00000000032ede90 code [0x00000000032ee280, 0x00000000032f06d8]

GC Heap History (10 events):
Event: 0.799 GC heap before
{Heap before GC invocations=2 (full 0):
 PSYoungGen      total 18944K, used 18920K [0x00000000eaf00000, 0x00000000ec400000, 0x0000000100000000)
  eden space 16384K, 100% used [0x00000000eaf00000,0x00000000ebf00000,0x00000000ebf00000)
  from space 2560K, 99% used [0x00000000ebf00000,0x00000000ec17a058,0x00000000ec180000)
  to   space 2560K, 0% used [0x00000000ec180000,0x00000000ec180000,0x00000000ec400000)
 ParOldGen       total 44032K, used 1125K [0x00000000c0c00000, 0x00000000c3700000, 0x00000000eaf00000)
  object space 44032K, 2% used [0x00000000c0c00000,0x00000000c0d19440,0x00000000c3700000)
 Metaspace       used 7986K, capacity 8200K, committed 8320K, reserved 1056768K
  class space    used 997K, capacity 1052K, committed 1152K, reserved 1048576K
Event: 0.801 GC heap after
Heap after GC invocations=2 (full 0):
 PSYoungGen      total 18944K, used 2545K [0x00000000eaf00000, 0x00000000ed400000, 0x0000000100000000)
  eden space 16384K, 0% used [0x00000000eaf00000,0x00000000eaf00000,0x00000000ebf00000)
  from space 2560K, 99% used [0x00000000ec180000,0x00000000ec3fc490,0x00000000ec400000)
  to   space 2560K, 0% used [0x00000000ebf00000,0x00000000ebf00000,0x00000000ec180000)
 ParOldGen       total 44032K, used 1141K [0x00000000c0c00000, 0x00000000c3700000, 0x00000000eaf00000)
  object space 44032K, 2% used [0x00000000c0c00000,0x00000000c0d1d440,0x00000000c3700000)
 Metaspace       used 7986K, capacity 8200K, committed 8320K, reserved 1056768K
  class space    used 997K, capacity 1052K, committed 1152K, reserved 1048576K
}
Event: 1.175 GC heap before
{Heap before GC invocations=3 (full 0):
 PSYoungGen      total 18944K, used 18929K [0x00000000eaf00000, 0x00000000ed400000, 0x0000000100000000)
  eden space 16384K, 100% used [0x00000000eaf00000,0x00000000ebf00000,0x00000000ebf00000)
  from space 2560K, 99% used [0x00000000ec180000,0x00000000ec3fc490,0x00000000ec400000)
  to   space 2560K, 0% used [0x00000000ebf00000,0x00000000ebf00000,0x00000000ec180000)
 ParOldGen       total 44032K, used 1141K [0x00000000c0c00000, 0x00000000c3700000, 0x00000000eaf00000)
  object space 44032K, 2% used [0x00000000c0c00000,0x00000000c0d1d440,0x00000000c3700000)
 Metaspace       used 10060K, capacity 10292K, committed 10624K, reserved 1058816K
  class space    used 1253K, capacity 1321K, committed 1408K, reserved 1048576K
Event: 1.179 GC heap after
Heap after GC invocations=3 (full 0):
 PSYoungGen      total 18944K, used 2551K [0x00000000eaf00000, 0x00000000ed400000, 0x0000000100000000)
  eden space 16384K, 0% used [0x00000000eaf00000,0x00000000eaf00000,0x00000000ebf00000)
  from space 2560K, 99% used [0x00000000ebf00000,0x00000000ec17de98,0x00000000ec180000)
  to   space 2560K, 0% used [0x00000000ed180000,0x00000000ed180000,0x00000000ed400000)
 ParOldGen       total 44032K, used 3230K [0x00000000c0c00000, 0x00000000c3700000, 0x00000000eaf00000)
  object space 44032K, 7% used [0x00000000c0c00000,0x00000000c0f27868,0x00000000c3700000)
 Metaspace       used 10060K, capacity 10292K, committed 10624K, reserved 1058816K
  class space    used 1253K, capacity 1321K, committed 1408K, reserved 1048576K
}
Event: 1.350 GC heap before
{Heap before GC invocations=4 (full 0):
 PSYoungGen      total 18944K, used 18935K [0x00000000eaf00000, 0x00000000ed400000, 0x0000000100000000)
  eden space 16384K, 100% used [0x00000000eaf00000,0x00000000ebf00000,0x00000000ebf00000)
  from space 2560K, 99% used [0x00000000ebf00000,0x00000000ec17de98,0x00000000ec180000)
  to   space 2560K, 0% used [0x00000000ed180000,0x00000000ed180000,0x00000000ed400000)
 ParOldGen       total 44032K, used 3230K [0x00000000c0c00000, 0x00000000c3700000, 0x00000000eaf00000)
  object space 44032K, 7% used [0x00000000c0c00000,0x00000000c0f27868,0x00000000c3700000)
 Metaspace       used 12082K, capacity 12328K, committed 12672K, reserved 1060864K
  class space    used 1553K, capacity 1611K, committed 1664K, reserved 1048576K
Event: 1.355 GC heap after
Heap after GC invocations=4 (full 0):
 PSYoungGen      total 35328K, used 2532K [0x00000000eaf00000, 0x00000000ed400000, 0x0000000100000000)
  eden space 32768K, 0% used [0x00000000eaf00000,0x00000000eaf00000,0x00000000ecf00000)
  from space 2560K, 98% used [0x00000000ed180000,0x00000000ed3f9010,0x00000000ed400000)
  to   space 2560K, 0% used [0x00000000ecf00000,0x00000000ecf00000,0x00000000ed180000)
 ParOldGen       total 44032K, used 5924K [0x00000000c0c00000, 0x00000000c3700000, 0x00000000eaf00000)
  object space 44032K, 13% used [0x00000000c0c00000,0x00000000c11c90d0,0x00000000c3700000)
 Metaspace       used 12082K, capacity 12328K, committed 12672K, reserved 1060864K
  class space    used 1553K, capacity 1611K, committed 1664K, reserved 1048576K
}
Event: 2.019 GC heap before
{Heap before GC invocations=5 (full 0):
 PSYoungGen      total 35328K, used 35300K [0x00000000eaf00000, 0x00000000ed400000, 0x0000000100000000)
  eden space 32768K, 100% used [0x00000000eaf00000,0x00000000ecf00000,0x00000000ecf00000)
  from space 2560K, 98% used [0x00000000ed180000,0x00000000ed3f9010,0x00000000ed400000)
  to   space 2560K, 0% used [0x00000000ecf00000,0x00000000ecf00000,0x00000000ed180000)
 ParOldGen       total 44032K, used 5924K [0x00000000c0c00000, 0x00000000c3700000, 0x00000000eaf00000)
  object space 44032K, 13% used [0x00000000c0c00000,0x00000000c11c90d0,0x00000000c3700000)
 Metaspace       used 14878K, capacity 15216K, committed 15488K, reserved 1062912K
  class space    used 1836K, capacity 1919K, committed 1920K, reserved 1048576K
Event: 2.028 GC heap after
Heap after GC invocations=5 (full 0):
 PSYoungGen      total 35328K, used 2544K [0x00000000eaf00000, 0x00000000efe00000, 0x0000000100000000)
  eden space 32768K, 0% used [0x00000000eaf00000,0x00000000eaf00000,0x00000000ecf00000)
  from space 2560K, 99% used [0x00000000ecf00000,0x00000000ed17c010,0x00000000ed180000)
  to   space 7680K, 0% used [0x00000000ef680000,0x00000000ef680000,0x00000000efe00000)
 ParOldGen       total 44032K, used 9924K [0x00000000c0c00000, 0x00000000c3700000, 0x00000000eaf00000)
  object space 44032K, 22% used [0x00000000c0c00000,0x00000000c15b1020,0x00000000c3700000)
 Metaspace       used 14878K, capacity 15216K, committed 15488K, reserved 1062912K
  class space    used 1836K, capacity 1919K, committed 1920K, reserved 1048576K
}
Event: 2.559 GC heap before
{Heap before GC invocations=6 (full 0):
 PSYoungGen      total 35328K, used 35312K [0x00000000eaf00000, 0x00000000efe00000, 0x0000000100000000)
  eden space 32768K, 100% used [0x00000000eaf00000,0x00000000ecf00000,0x00000000ecf00000)
  from space 2560K, 99% used [0x00000000ecf00000,0x00000000ed17c010,0x00000000ed180000)
  to   space 7680K, 0% used [0x00000000ef680000,0x00000000ef680000,0x00000000efe00000)
 ParOldGen       total 44032K, used 9924K [0x00000000c0c00000, 0x00000000c3700000, 0x00000000eaf00000)
  object space 44032K, 22% used [0x00000000c0c00000,0x00000000c15b1020,0x00000000c3700000)
 Metaspace       used 15344K, capacity 15632K, committed 15872K, reserved 1062912K
  class space    used 1852K, capacity 1951K, committed 2048K, reserved 1048576K
Event: 2.564 GC heap after
Heap after GC invocations=6 (full 0):
 PSYoungGen      total 72192K, used 4528K [0x00000000eaf00000, 0x00000000efd00000, 0x0000000100000000)
  eden space 65536K, 0% used [0x00000000eaf00000,0x00000000eaf00000,0x00000000eef00000)
  from space 6656K, 68% used [0x00000000ef680000,0x00000000efaec010,0x00000000efd00000)
  to   space 7168K, 0% used [0x00000000eef00000,0x00000000eef00000,0x00000000ef600000)
 ParOldGen       total 44032K, used 9924K [0x00000000c0c00000, 0x00000000c3700000, 0x00000000eaf00000)
  object space 44032K, 22% used [0x00000000c0c00000,0x00000000c15b1020,0x00000000c3700000)
 Metaspace       used 15344K, capacity 15632K, committed 15872K, reserved 1062912K
  class space    used 1852K, capacity 1951K, committed 2048K, reserved 1048576K
}

Deoptimization events (10 events):
Event: 3.131 Thread 0x0000000002732800 Uncommon trap: reason=bimorphic action=maybe_recompile pc=0x0000000002db7a64 method=java.util.regex.Pattern$CharProperty.match(Ljava/util/regex/Matcher;ILjava/lang/CharSequence;)Z @ 37
Event: 3.150 Thread 0x0000000002732800 Uncommon trap: reason=bimorphic action=maybe_recompile pc=0x0000000002fb0d78 method=java.util.regex.Pattern$BmpCharProperty.match(Ljava/util/regex/Matcher;ILjava/lang/CharSequence;)Z @ 16
Event: 3.150 Thread 0x0000000002732800 Uncommon trap: reason=bimorphic action=maybe_recompile pc=0x0000000002fb0d78 method=java.util.regex.Pattern$BmpCharProperty.match(Ljava/util/regex/Matcher;ILjava/lang/CharSequence;)Z @ 16
Event: 3.150 Thread 0x0000000002732800 Uncommon trap: reason=bimorphic action=maybe_recompile pc=0x0000000002db7a64 method=java.util.regex.Pattern$CharProperty.match(Ljava/util/regex/Matcher;ILjava/lang/CharSequence;)Z @ 37
Event: 3.153 Thread 0x0000000002732800 Uncommon trap: reason=unstable_if action=reinterpret pc=0x0000000003218710 method=org.codehaus.plexus.classworlds.realm.Entry.matches(Ljava/lang/String;)Z @ 150
Event: 3.171 Thread 0x0000000002732800 Uncommon trap: reason=bimorphic action=maybe_recompile pc=0x0000000002db7a64 method=java.util.regex.Pattern$CharProperty.match(Ljava/util/regex/Matcher;ILjava/lang/CharSequence;)Z @ 37
Event: 3.219 Thread 0x0000000002732800 Uncommon trap: reason=bimorphic action=maybe_recompile pc=0x0000000002db7a64 method=java.util.regex.Pattern$CharProperty.match(Ljava/util/regex/Matcher;ILjava/lang/CharSequence;)Z @ 37
Event: 3.226 Thread 0x0000000002732800 Uncommon trap: reason=unstable_if action=reinterpret pc=0x00000000030894fc method=com.google.inject.internal.InjectorImpl.callInContext(Lcom/google/inject/internal/ContextualCallable;)Ljava/lang/Object; @ 161
Event: 3.228 Thread 0x0000000002732800 Uncommon trap: reason=unstable_if action=reinterpret pc=0x0000000002fcbde4 method=org.eclipse.sisu.plexus.RealmFilteredBeans$FilteredItr.hasNext()Z @ 44
Event: 3.367 Thread 0x0000000002732800 Uncommon trap: reason=class_check action=maybe_recompile pc=0x0000000003114a58 method=org.eclipse.sisu.wire.EntryListAdapter$ValueIterator.hasNext()Z @ 4

Classes redefined (0 events):
No events

Internal exceptions (10 events):
Event: 1.487 Thread 0x0000000002732800 Exception <a 'java/lang/NullPointerException'> (0x00000000eb827e48) thrown at [C:\jenkins\workspace\8-2-build-windows-amd64-cygwin\jdk8u251\737\hotspot\src\share\vm\interpreter\linkResolver.cpp, line 1185]
Event: 1.487 Thread 0x0000000002732800 Exception <a 'java/lang/NullPointerException'> (0x00000000eb8380f8) thrown at [C:\jenkins\workspace\8-2-build-windows-amd64-cygwin\jdk8u251\737\hotspot\src\share\vm\interpreter\linkResolver.cpp, line 1185]
Event: 1.487 Thread 0x0000000002732800 Exception <a 'java/lang/NullPointerException'> (0x00000000eb838310) thrown at [C:\jenkins\workspace\8-2-build-windows-amd64-cygwin\jdk8u251\737\hotspot\src\share\vm\interpreter\linkResolver.cpp, line 1185]
Event: 1.487 Thread 0x0000000002732800 Exception <a 'java/lang/NullPointerException'> (0x00000000eb838528) thrown at [C:\jenkins\workspace\8-2-build-windows-amd64-cygwin\jdk8u251\737\hotspot\src\share\vm\interpreter\linkResolver.cpp, line 1185]
Event: 1.647 Thread 0x0000000002732800 Implicit null exception at 0x0000000002ad4fd5 to 0x0000000002ad51ad
Event: 1.647 Thread 0x0000000002732800 Implicit null exception at 0x0000000002be586f to 0x0000000002be58d9
Event: 1.807 Thread 0x0000000002732800 Implicit null exception at 0x0000000002e689ec to 0x0000000002e69a79
Event: 3.162 Thread 0x0000000002732800 Exception <a 'java/lang/NoClassDefFoundError': org/codehaus/plexus/util/interpolation/ValueSource> (0x00000000ed3a57c0) thrown at [C:\jenkins\workspace\8-2-build-windows-amd64-cygwin\jdk8u251\737\hotspot\src\share\vm\classfile\systemDictionary.cpp, line 1
Event: 3.189 Thread 0x0000000002732800 Exception <a 'java/lang/NoClassDefFoundError': org/sonatype/aether/graph/DependencyNode> (0x00000000ed5e1860) thrown at [C:\jenkins\workspace\8-2-build-windows-amd64-cygwin\jdk8u251\737\hotspot\src\share\vm\classfile\systemDictionary.cpp, line 199]
Event: 3.226 Thread 0x0000000002732800 Implicit null exception at 0x00000000030882fb to 0x00000000030894dd

Events (10 events):
Event: 3.433 loading class org/apache/maven/plugin/logging/Log
Event: 3.433 loading class org/apache/maven/plugin/logging/Log done
Event: 3.433 loading class org/apache/maven/plugin/logging/Log
Event: 3.433 loading class org/apache/maven/plugin/logging/Log done
Event: 3.433 loading class org/apache/maven/plugin/logging/Log
Event: 3.433 loading class org/apache/maven/plugin/logging/Log done
Event: 3.433 loading class org/apache/maven/artifact/resolver/filter/CumulativeScopeArtifactFilter
Event: 3.433 loading class org/apache/maven/artifact/resolver/filter/CumulativeScopeArtifactFilter done
Event: 3.433 loading class org/apache/maven/artifact/resolver/filter/AbstractScopeArtifactFilter
Event: 3.433 loading class org/apache/maven/artifact/resolver/filter/AbstractScopeArtifactFilter done


Dynamic libraries:
0x00007ff73dcd0000 - 0x00007ff73dd07000 	C:\Program Files\Java\jdk1.8.0_251\bin\java.exe
0x00007ffa45d80000 - 0x00007ffa45f70000 	C:\Windows\SYSTEM32\ntdll.dll
0x00007ffa44fb0000 - 0x00007ffa45062000 	C:\Windows\System32\KERNEL32.DLL
0x00007ffa43800000 - 0x00007ffa43aa4000 	C:\Windows\System32\KERNELBASE.dll
0x00007ffa458b0000 - 0x00007ffa45953000 	C:\Windows\System32\ADVAPI32.dll
0x00007ffa45ca0000 - 0x00007ffa45d3e000 	C:\Windows\System32\msvcrt.dll
0x00007ffa444c0000 - 0x00007ffa44557000 	C:\Windows\System32\sechost.dll
0x00007ffa443a0000 - 0x00007ffa444c0000 	C:\Windows\System32\RPCRT4.dll
0x00007ffa44de0000 - 0x00007ffa44f74000 	C:\Windows\System32\USER32.dll
0x00007ffa43e00000 - 0x00007ffa43e21000 	C:\Windows\System32\win32u.dll
0x00007ffa44f80000 - 0x00007ffa44fa6000 	C:\Windows\System32\GDI32.dll
0x00007ffa42e10000 - 0x00007ffa42fa5000 	C:\Windows\System32\gdi32full.dll
0x00007ffa43760000 - 0x00007ffa437fe000 	C:\Windows\System32\msvcp_win.dll
0x00007ffa43d00000 - 0x00007ffa43dfa000 	C:\Windows\System32\ucrtbase.dll
0x00007ffa32260000 - 0x00007ffa324e4000 	C:\Windows\WinSxS\amd64_microsoft.windows.common-controls_6595b64144ccf1df_6.0.18362.900_none_e6beb9d913147d17\COMCTL32.dll
0x00007ffa45960000 - 0x00007ffa45c95000 	C:\Windows\System32\combase.dll
0x00007ffa42d90000 - 0x00007ffa42e10000 	C:\Windows\System32\bcryptPrimitives.dll
0x00007ffa44310000 - 0x00007ffa4433e000 	C:\Windows\System32\IMM32.DLL
0x00000000637f0000 - 0x00000000638c2000 	C:\Program Files\Java\jdk1.8.0_251\jre\bin\msvcr100.dll
0x00000000638d0000 - 0x000000006417b000 	C:\Program Files\Java\jdk1.8.0_251\jre\bin\server\jvm.dll
0x00007ffa44ba0000 - 0x00007ffa44ba8000 	C:\Windows\System32\PSAPI.DLL
0x00007ffa40d90000 - 0x00007ffa40db4000 	C:\Windows\SYSTEM32\WINMM.dll
0x00007ffa3b180000 - 0x00007ffa3b18a000 	C:\Windows\SYSTEM32\VERSION.dll
0x00007ffa40d30000 - 0x00007ffa40d5d000 	C:\Windows\SYSTEM32\WINMMBASE.dll
0x00007ffa43ab0000 - 0x00007ffa43afa000 	C:\Windows\System32\cfgmgr32.dll
0x00007ffa3f4e0000 - 0x00007ffa3f4e9000 	C:\Windows\SYSTEM32\WSOCK32.dll
0x00007ffa44bb0000 - 0x00007ffa44c1f000 	C:\Windows\System32\WS2_32.dll
0x00007ffa3f5a0000 - 0x00007ffa3f5af000 	C:\Program Files\Java\jdk1.8.0_251\jre\bin\verify.dll
0x00007ffa30690000 - 0x00007ffa306b9000 	C:\Program Files\Java\jdk1.8.0_251\jre\bin\java.dll
0x00007ffa36bb0000 - 0x00007ffa36bc6000 	C:\Program Files\Java\jdk1.8.0_251\jre\bin\zip.dll
0x00007ffa45110000 - 0x00007ffa457f6000 	C:\Windows\System32\SHELL32.dll
0x00007ffa45800000 - 0x00007ffa458a9000 	C:\Windows\System32\shcore.dll
0x00007ffa42fe0000 - 0x00007ffa43760000 	C:\Windows\System32\windows.storage.dll
0x00007ffa42ce0000 - 0x00007ffa42d03000 	C:\Windows\System32\profapi.dll
0x00007ffa42c70000 - 0x00007ffa42cba000 	C:\Windows\System32\powrprof.dll
0x00007ffa42c40000 - 0x00007ffa42c50000 	C:\Windows\System32\UMPDC.dll
0x00007ffa43e30000 - 0x00007ffa43e82000 	C:\Windows\System32\shlwapi.dll
0x00007ffa42c50000 - 0x00007ffa42c61000 	C:\Windows\System32\kernel.appcore.dll
0x00007ffa42d70000 - 0x00007ffa42d87000 	C:\Windows\System32\cryptsp.dll
0x00007ffa368b0000 - 0x00007ffa368ca000 	C:\Program Files\Java\jdk1.8.0_251\jre\bin\net.dll
0x00007ffa42450000 - 0x00007ffa424b7000 	C:\Windows\system32\mswsock.dll
0x00007ffa30ca0000 - 0x00007ffa30cb2000 	C:\Program Files\Java\jdk1.8.0_251\jre\bin\nio.dll

VM Arguments:
jvm_args: -Dclassworlds.conf=C:\Program Files\NetBeans-11.2\netbeans\java\maven\bin\m2.conf -Dmaven.home=C:\Program Files\NetBeans-11.2\netbeans\java\maven -Dmaven.multiModuleProjectDirectory=C:\Users\Usuario\Documents\NetBeansProjects\loja-api 
java_command: org.codehaus.plexus.classworlds.launcher.Launcher -Dnetbeans.deploy=true -Dmaven.ext.class.path=C:\Program Files\NetBeans-11.2\netbeans\java\maven-nblib\netbeans-eventspy.jar -Dfile.encoding=UTF-8 package
java_class_path (initial): C:\Program Files\NetBeans-11.2\netbeans\java\maven\boot\plexus-classworlds-2.5.2.jar
Launcher Type: SUN_STANDARD

Environment Variables:
JAVA_HOME=C:\Program Files\Java\jdk1.8.0_251
PATH=C:\Program Files (x86)\Embarcadero\Studio\20.0\bin;C:\Users\Public\Documents\Embarcadero\Studio\20.0\Bpl;C:\Program Files (x86)\Embarcadero\Studio\20.0\bin64;C:\Users\Public\Documents\Embarcadero\Studio\20.0\Bpl\Win64;C:\Python38\Scripts\;C:\Python38\;C:\Program Files (x86)\Common Files\Oracle\Java\javapath;C:\Windows\system32;C:\Windows;C:\Windows\System32\Wbem;C:\Windows\System32\WindowsPowerShell\v1.0\;C:\Windows\System32\OpenSSH\;C:\Program Files (x86)\ATI Technologies\ATI.ACE\Core-Static;C:\Program Files (x86)\AMD\ATI.ACE\Core-Static;C:\ProgramData\chocolatey\bin;C:\Program Files\nodejs\;C:\Program Files\TortoiseSVN\bin;C:\Program Files\Git\cmd;C:\Program Files (x86)\Gow\bin;C:\Users\Usuario\AppData\Local\Microsoft\WindowsApps;C:\Users\Usuario\AppData\Local\Programs\Microsoft VS Code\bin;C:\Users\Usuario\AppData\Roaming\npm
USERNAME=Usuario
OS=Windows_NT
PROCESSOR_IDENTIFIER=Intel64 Family 6 Model 158 Stepping 10, GenuineIntel



---------------  S Y S T E M  ---------------

OS: Windows 10.0 , 64 bit Build 18362 (10.0.18362.900)

CPU:total 4 (initial active 4) (4 cores per cpu, 1 threads per core) family 6 model 158 stepping 10, cmov, cx8, fxsr, mmx, sse, sse2, sse3, ssse3, sse4.1, sse4.2, popcnt, avx, avx2, aes, clmul, erms, 3dnowpref, lzcnt, tsc, tscinvbit, bmi1, bmi2, adx

Memory: 4k page, physical 4137296k(72140k free), swap 16720208k(6140k free)

vm_info: Java HotSpot(TM) 64-Bit Server VM (25.251-b08) for windows-amd64 JRE (1.8.0_251-b08), built on Mar 12 2020 06:31:49 by "" with MS VC++ 10.0 (VS2010)

time: Tue Jul 14 09:12:40 2020
timezone: Hora oficial do Brasil
elapsed time: 3 seconds (0d 0h 0m 3s)

