#
# There is insufficient memory for the Java Runtime Environment to continue.
# Native memory allocation (malloc) failed to allocate 1438880 bytes for Chunk::new
# Possible reasons:
#   The system is out of physical RAM or swap space
#   The process is running with CompressedOops enabled, and the Java Heap may be blocking the growth of the native heap
# Possible solutions:
#   Reduce memory load on the system
#   Increase physical memory or swap space
#   Check if swap backing store is full
#   Decrease Java heap size (-Xmx/-Xms)
#   Decrease number of Java threads
#   Decrease Java thread stack sizes (-Xss)
#   Set larger code cache with -XX:ReservedCodeCacheSize=
#   JVM is running with Unscaled Compressed Oops mode in which the Java heap is
#     placed in the first 4GB address space. The Java Heap base address is the
#     maximum limit for the native heap growth. Please use -XX:HeapBaseMinAddress
#     to set the Java Heap base and to place the Java Heap above 4GB virtual address.
# This output file may be truncated or incomplete.
#
#  Out of Memory Error (allocation.cpp:389), pid=9400, tid=0x0000000000002214
#
# JRE version: Java(TM) SE Runtime Environment (8.0_251-b08) (build 1.8.0_251-b08)
# Java VM: Java HotSpot(TM) 64-Bit Server VM (25.251-b08 mixed mode windows-amd64 compressed oops)
# Failed to write core dump. Minidumps are not enabled by default on client versions of Windows
#

---------------  T H R E A D  ---------------

Current thread (0x0000000015060000):  JavaThread "C2 CompilerThread0" daemon [_thread_in_native, id=8724, stack(0x00000000166c0000,0x00000000167c0000)]

Stack: [0x00000000166c0000,0x00000000167c0000]
[error occurred during error reporting (printing stack bounds), id 0xc0000005]

Native frames: (J=compiled Java code, j=interpreted, Vv=VM code, C=native code)


Current CompileTask:
C2:   4329 2954       4       java.net.URLClassLoader$1::run (5 bytes)


---------------  P R O C E S S  ---------------

Java Threads: ( => current thread )
  0x00000000169ea800 JavaThread "Service Thread" daemon [_thread_blocked, id=14516, stack(0x0000000016dc0000,0x0000000016ec0000)]
  0x000000001506d000 JavaThread "C1 CompilerThread2" daemon [_thread_blocked, id=15996, stack(0x00000000168c0000,0x00000000169c0000)]
  0x0000000015062000 JavaThread "C2 CompilerThread1" daemon [_thread_in_native, id=16932, stack(0x00000000167c0000,0x00000000168c0000)]
=>0x0000000015060000 JavaThread "C2 CompilerThread0" daemon [_thread_in_native, id=8724, stack(0x00000000166c0000,0x00000000167c0000)]
  0x000000001505b800 JavaThread "Attach Listener" daemon [_thread_blocked, id=5924, stack(0x00000000165c0000,0x00000000166c0000)]
  0x0000000015067800 JavaThread "Signal Dispatcher" daemon [_thread_blocked, id=8460, stack(0x00000000164c0000,0x00000000165c0000)]
  0x00000000029fd800 JavaThread "Finalizer" daemon [_thread_blocked, id=9728, stack(0x00000000162b0000,0x00000000163b0000)]
  0x000000001504a000 JavaThread "Reference Handler" daemon [_thread_blocked, id=7164, stack(0x00000000161b0000,0x00000000162b0000)]
  0x0000000002902800 JavaThread "main" [_thread_in_Java, id=13904, stack(0x0000000002730000,0x0000000002830000)]

Other Threads:
  0x0000000015029000 VMThread [stack: 0x00000000160b0000,0x00000000161b0000] [id=6224]
  0x00000000169eb800 WatcherThread [stack: 0x0000000017020000,0x0000000017120000] [id=9276]

VM state:not at safepoint (normal execution)

VM Mutex/Monitor currently owned by a thread: None

heap address: 0x00000000c0c00000, size: 1012 MB, Compressed Oops mode: 32-bit
Narrow klass base: 0x0000000000000000, Narrow klass shift: 3
Compressed class space size: 1073741824 Address: 0x0000000100000000

Heap:
 PSYoungGen      total 73216K, used 12257K [0x00000000eaf00000, 0x00000000efe00000, 0x0000000100000000)
  eden space 65536K, 12% used [0x00000000eaf00000,0x00000000eb6bb750,0x00000000eef00000)
  from space 7680K, 56% used [0x00000000ef680000,0x00000000efabd038,0x00000000efe00000)
  to   space 7680K, 0% used [0x00000000eef00000,0x00000000eef00000,0x00000000ef680000)
 ParOldGen       total 44032K, used 6491K [0x00000000c0c00000, 0x00000000c3700000, 0x00000000eaf00000)
  object space 44032K, 14% used [0x00000000c0c00000,0x00000000c1256df0,0x00000000c3700000)
 Metaspace       used 17558K, capacity 17988K, committed 18176K, reserved 1064960K
  class space    used 2154K, capacity 2265K, committed 2304K, reserved 1048576K

Card table byte_map: [0x0000000011dc0000,0x0000000011fc0000] byte_map_base: 0x00000000117ba000

Marking Bits: (ParMarkBitMap*) 0x00000000640faf90
 Begin Bits: [0x0000000012520000, 0x00000000134f0000)
 End Bits:   [0x00000000134f0000, 0x00000000144c0000)

Polling page: 0x00000000010e0000

CodeCache: size=245760Kb used=10670Kb max_used=10670Kb free=235089Kb
 bounds [0x0000000002a00000, 0x0000000003480000, 0x0000000011a00000]
 total_blobs=3415 nmethods=3064 adapters=263
 compilation: enabled

Compilation events (10 events):
Event: 4.313 Thread 0x000000001506d000 3068       3       org.apache.maven.model.merge.ModelMerger::mergeDependency (82 bytes)
Event: 4.314 Thread 0x000000001506d000 nmethod 3068 0x00000000034706d0 code [0x00000000034708a0, 0x0000000003471108]
Event: 4.314 Thread 0x000000001506d000 3069       3       org.apache.maven.model.management.DefaultDependencyManagementInjector$ManagementModelMerger::mergeDependency_Optional (1 bytes)
Event: 4.314 Thread 0x000000001506d000 nmethod 3069 0x0000000003471310 code [0x0000000003471460, 0x00000000034715b0]
Event: 4.314 Thread 0x000000001506d000 3070       3       org.apache.maven.model.management.DefaultDependencyManagementInjector$ManagementModelMerger::mergeDependency_Exclusions (70 bytes)
Event: 4.314 Thread 0x000000001506d000 nmethod 3070 0x0000000003471650 code [0x00000000034718c0, 0x0000000003472898]
Event: 4.314 Thread 0x000000001506d000 3071       3       org.apache.maven.model.Dependency::setLocation (35 bytes)
Event: 4.315 Thread 0x000000001506d000 nmethod 3071 0x00000000034732d0 code [0x0000000003473460, 0x00000000034738e8]
Event: 4.315 Thread 0x000000001506d000 3072       3       org.eclipse.aether.internal.impl.DefaultArtifactResolver::resolveArtifact (19 bytes)
Event: 4.315 Thread 0x000000001506d000 nmethod 3072 0x0000000003473b10 code [0x0000000003473cc0, 0x0000000003474258]

GC Heap History (10 events):
Event: 1.752 GC heap before
{Heap before GC invocations=5 (full 0):
 PSYoungGen      total 35328K, used 35316K [0x00000000eaf00000, 0x00000000ed400000, 0x0000000100000000)
  eden space 32768K, 100% used [0x00000000eaf00000,0x00000000ecf00000,0x00000000ecf00000)
  from space 2560K, 99% used [0x00000000ed180000,0x00000000ed3fd020,0x00000000ed400000)
  to   space 2560K, 0% used [0x00000000ecf00000,0x00000000ecf00000,0x00000000ed180000)
 ParOldGen       total 44032K, used 5834K [0x00000000c0c00000, 0x00000000c3700000, 0x00000000eaf00000)
  object space 44032K, 13% used [0x00000000c0c00000,0x00000000c11b2a68,0x00000000c3700000)
 Metaspace       used 14885K, capacity 15210K, committed 15488K, reserved 1062912K
  class space    used 1835K, capacity 1918K, committed 1920K, reserved 1048576K
Event: 1.763 GC heap after
Heap after GC invocations=5 (full 0):
 PSYoungGen      total 35328K, used 2528K [0x00000000eaf00000, 0x00000000ed400000, 0x0000000100000000)
  eden space 32768K, 0% used [0x00000000eaf00000,0x00000000eaf00000,0x00000000ecf00000)
  from space 2560K, 98% used [0x00000000ecf00000,0x00000000ed178020,0x00000000ed180000)
  to   space 2560K, 0% used [0x00000000ed180000,0x00000000ed180000,0x00000000ed400000)
 ParOldGen       total 44032K, used 10027K [0x00000000c0c00000, 0x00000000c3700000, 0x00000000eaf00000)
  object space 44032K, 22% used [0x00000000c0c00000,0x00000000c15cad98,0x00000000c3700000)
 Metaspace       used 14885K, capacity 15210K, committed 15488K, reserved 1062912K
  class space    used 1835K, capacity 1918K, committed 1920K, reserved 1048576K
}
Event: 2.267 GC heap before
{Heap before GC invocations=6 (full 0):
 PSYoungGen      total 35328K, used 12389K [0x00000000eaf00000, 0x00000000ed400000, 0x0000000100000000)
  eden space 32768K, 30% used [0x00000000eaf00000,0x00000000eb8a16f0,0x00000000ecf00000)
  from space 2560K, 98% used [0x00000000ecf00000,0x00000000ed178020,0x00000000ed180000)
  to   space 2560K, 0% used [0x00000000ed180000,0x00000000ed180000,0x00000000ed400000)
 ParOldGen       total 44032K, used 10027K [0x00000000c0c00000, 0x00000000c3700000, 0x00000000eaf00000)
  object space 44032K, 22% used [0x00000000c0c00000,0x00000000c15cad98,0x00000000c3700000)
 Metaspace       used 15410K, capacity 15816K, committed 16128K, reserved 1062912K
  class space    used 1906K, capacity 1991K, committed 2048K, reserved 1048576K
Event: 2.273 GC heap after
Heap after GC invocations=6 (full 0):
 PSYoungGen      total 35328K, used 2544K [0x00000000eaf00000, 0x00000000ed400000, 0x0000000100000000)
  eden space 32768K, 0% used [0x00000000eaf00000,0x00000000eaf00000,0x00000000ecf00000)
  from space 2560K, 99% used [0x00000000ed180000,0x00000000ed3fc010,0x00000000ed400000)
  to   space 2560K, 0% used [0x00000000ecf00000,0x00000000ecf00000,0x00000000ed180000)
 ParOldGen       total 44032K, used 10850K [0x00000000c0c00000, 0x00000000c3700000, 0x00000000eaf00000)
  object space 44032K, 24% used [0x00000000c0c00000,0x00000000c1698a28,0x00000000c3700000)
 Metaspace       used 15410K, capacity 15816K, committed 16128K, reserved 1062912K
  class space    used 1906K, capacity 1991K, committed 2048K, reserved 1048576K
}
Event: 2.274 GC heap before
{Heap before GC invocations=7 (full 1):
 PSYoungGen      total 35328K, used 2544K [0x00000000eaf00000, 0x00000000ed400000, 0x0000000100000000)
  eden space 32768K, 0% used [0x00000000eaf00000,0x00000000eaf00000,0x00000000ecf00000)
  from space 2560K, 99% used [0x00000000ed180000,0x00000000ed3fc010,0x00000000ed400000)
  to   space 2560K, 0% used [0x00000000ecf00000,0x00000000ecf00000,0x00000000ed180000)
 ParOldGen       total 44032K, used 10850K [0x00000000c0c00000, 0x00000000c3700000, 0x00000000eaf00000)
  object space 44032K, 24% used [0x00000000c0c00000,0x00000000c1698a28,0x00000000c3700000)
 Metaspace       used 15410K, capacity 15816K, committed 16128K, reserved 1062912K
  class space    used 1906K, capacity 1991K, committed 2048K, reserved 1048576K
Event: 2.306 GC heap after
Heap after GC invocations=7 (full 1):
 PSYoungGen      total 35328K, used 0K [0x00000000eaf00000, 0x00000000ed400000, 0x0000000100000000)
  eden space 32768K, 0% used [0x00000000eaf00000,0x00000000eaf00000,0x00000000ecf00000)
  from space 2560K, 0% used [0x00000000ed180000,0x00000000ed180000,0x00000000ed400000)
  to   space 2560K, 0% used [0x00000000ecf00000,0x00000000ecf00000,0x00000000ed180000)
 ParOldGen       total 44032K, used 6475K [0x00000000c0c00000, 0x00000000c3700000, 0x00000000eaf00000)
  object space 44032K, 14% used [0x00000000c0c00000,0x00000000c1252df0,0x00000000c3700000)
 Metaspace       used 15410K, capacity 15816K, committed 16128K, reserved 1062912K
  class space    used 1906K, capacity 1991K, committed 2048K, reserved 1048576K
}
Event: 3.589 GC heap before
{Heap before GC invocations=8 (full 1):
 PSYoungGen      total 35328K, used 32768K [0x00000000eaf00000, 0x00000000ed400000, 0x0000000100000000)
  eden space 32768K, 100% used [0x00000000eaf00000,0x00000000ecf00000,0x00000000ecf00000)
  from space 2560K, 0% used [0x00000000ed180000,0x00000000ed180000,0x00000000ed400000)
  to   space 2560K, 0% used [0x00000000ecf00000,0x00000000ecf00000,0x00000000ed180000)
 ParOldGen       total 44032K, used 6475K [0x00000000c0c00000, 0x00000000c3700000, 0x00000000eaf00000)
  object space 44032K, 14% used [0x00000000c0c00000,0x00000000c1252df0,0x00000000c3700000)
 Metaspace       used 15722K, capacity 16136K, committed 16384K, reserved 1062912K
  class space    used 1910K, capacity 1991K, committed 2048K, reserved 1048576K
Event: 3.591 GC heap after
Heap after GC invocations=8 (full 1):
 PSYoungGen      total 35328K, used 1920K [0x00000000eaf00000, 0x00000000efe00000, 0x0000000100000000)
  eden space 32768K, 0% used [0x00000000eaf00000,0x00000000eaf00000,0x00000000ecf00000)
  from space 2560K, 75% used [0x00000000ecf00000,0x00000000ed0e0000,0x00000000ed180000)
  to   space 7680K, 0% used [0x00000000ef680000,0x00000000ef680000,0x00000000efe00000)
 ParOldGen       total 44032K, used 6483K [0x00000000c0c00000, 0x00000000c3700000, 0x00000000eaf00000)
  object space 44032K, 14% used [0x00000000c0c00000,0x00000000c1254df0,0x00000000c3700000)
 Metaspace       used 15722K, capacity 16136K, committed 16384K, reserved 1062912K
  class space    used 1910K, capacity 1991K, committed 2048K, reserved 1048576K
}
Event: 4.099 GC heap before
{Heap before GC invocations=9 (full 1):
 PSYoungGen      total 35328K, used 34688K [0x00000000eaf00000, 0x00000000efe00000, 0x0000000100000000)
  eden space 32768K, 100% used [0x00000000eaf00000,0x00000000ecf00000,0x00000000ecf00000)
  from space 2560K, 75% used [0x00000000ecf00000,0x00000000ed0e0000,0x00000000ed180000)
  to   space 7680K, 0% used [0x00000000ef680000,0x00000000ef680000,0x00000000efe00000)
 ParOldGen       total 44032K, used 6483K [0x00000000c0c00000, 0x00000000c3700000, 0x00000000eaf00000)
  object space 44032K, 14% used [0x00000000c0c00000,0x00000000c1254df0,0x00000000c3700000)
 Metaspace       used 16683K, capacity 17208K, committed 17408K, reserved 1064960K
  class space    used 2038K, capacity 2201K, committed 2304K, reserved 1048576K
Event: 4.105 GC heap after
Heap after GC invocations=9 (full 1):
 PSYoungGen      total 73216K, used 4340K [0x00000000eaf00000, 0x00000000efe00000, 0x0000000100000000)
  eden space 65536K, 0% used [0x00000000eaf00000,0x00000000eaf00000,0x00000000eef00000)
  from space 7680K, 56% used [0x00000000ef680000,0x00000000efabd038,0x00000000efe00000)
  to   space 7680K, 0% used [0x00000000eef00000,0x00000000eef00000,0x00000000ef680000)
 ParOldGen       total 44032K, used 6491K [0x00000000c0c00000, 0x00000000c3700000, 0x00000000eaf00000)
  object space 44032K, 14% used [0x00000000c0c00000,0x00000000c1256df0,0x00000000c3700000)
 Metaspace       used 16683K, capacity 17208K, committed 17408K, reserved 1064960K
  class space    used 2038K, capacity 2201K, committed 2304K, reserved 1048576K
}

Deoptimization events (10 events):
Event: 3.433 Thread 0x0000000002902800 Uncommon trap: reason=class_check action=maybe_recompile pc=0x00000000030b1170 method=org.apache.maven.model.interpolation.StringSearchModelInterpolator$InterpolateObjectAction$MapField.doInterpolate(Ljava/lang/Object;Lorg/apache/maven/model/interpolation
Event: 3.838 Thread 0x0000000002902800 Uncommon trap: reason=unstable_if action=reinterpret pc=0x0000000003134f9c method=org.apache.maven.model.merge.ModelMerger.mergeConfigurationContainer_Inherited(Lorg/apache/maven/model/ConfigurationContainer;Lorg/apache/maven/model/ConfigurationContainer;
Event: 3.838 Thread 0x0000000002902800 Uncommon trap: reason=class_check action=maybe_recompile pc=0x00000000030b1170 method=org.apache.maven.model.interpolation.StringSearchModelInterpolator$InterpolateObjectAction$MapField.doInterpolate(Ljava/lang/Object;Lorg/apache/maven/model/interpolation
Event: 3.897 Thread 0x0000000002902800 Uncommon trap: reason=unstable_if action=reinterpret pc=0x0000000003314748 method=java.util.concurrent.ConcurrentHashMap.replaceNode(Ljava/lang/Object;Ljava/lang/Object;Ljava/lang/Object;)Ljava/lang/Object; @ 203
Event: 4.000 Thread 0x0000000002902800 Uncommon trap: reason=unstable_if action=reinterpret pc=0x000000000302ee9c method=java.util.LinkedHashMap.afterNodeInsertion(Z)V @ 18
Event: 4.092 Thread 0x0000000002902800 Uncommon trap: reason=unstable_if action=reinterpret pc=0x00000000033e1830 method=org.codehaus.plexus.classworlds.realm.Entry.matches(Ljava/lang/String;)Z @ 150
Event: 4.114 Thread 0x0000000002902800 Uncommon trap: reason=bimorphic action=maybe_recompile pc=0x0000000003040e2c method=java.util.regex.Pattern$CharProperty.match(Ljava/util/regex/Matcher;ILjava/lang/CharSequence;)Z @ 37
Event: 4.155 Thread 0x0000000002902800 Uncommon trap: reason=bimorphic action=maybe_recompile pc=0x0000000003040e2c method=java.util.regex.Pattern$CharProperty.match(Ljava/util/regex/Matcher;ILjava/lang/CharSequence;)Z @ 37
Event: 4.165 Thread 0x0000000002902800 Uncommon trap: reason=bimorphic action=maybe_recompile pc=0x0000000003040e2c method=java.util.regex.Pattern$CharProperty.match(Ljava/util/regex/Matcher;ILjava/lang/CharSequence;)Z @ 37
Event: 4.199 Thread 0x0000000002902800 Uncommon trap: reason=unstable_if action=reinterpret pc=0x0000000003254424 method=com.google.inject.internal.InjectorImpl.callInContext(Lcom/google/inject/internal/ContextualCallable;)Ljava/lang/Object; @ 161

Classes redefined (0 events):
No events

Internal exceptions (10 events):
Event: 1.351 Thread 0x0000000002902800 Exception <a 'java/lang/NullPointerException'> (0x00000000eb827150) thrown at [C:\jenkins\workspace\8-2-build-windows-amd64-cygwin\jdk8u251\737\hotspot\src\share\vm\interpreter\linkResolver.cpp, line 1185]
Event: 1.352 Thread 0x0000000002902800 Exception <a 'java/lang/NullPointerException'> (0x00000000eb837400) thrown at [C:\jenkins\workspace\8-2-build-windows-amd64-cygwin\jdk8u251\737\hotspot\src\share\vm\interpreter\linkResolver.cpp, line 1185]
Event: 1.352 Thread 0x0000000002902800 Exception <a 'java/lang/NullPointerException'> (0x00000000eb837618) thrown at [C:\jenkins\workspace\8-2-build-windows-amd64-cygwin\jdk8u251\737\hotspot\src\share\vm\interpreter\linkResolver.cpp, line 1185]
Event: 1.352 Thread 0x0000000002902800 Exception <a 'java/lang/NullPointerException'> (0x00000000eb837830) thrown at [C:\jenkins\workspace\8-2-build-windows-amd64-cygwin\jdk8u251\737\hotspot\src\share\vm\interpreter\linkResolver.cpp, line 1185]
Event: 1.498 Thread 0x0000000002902800 Implicit null exception at 0x0000000002ca8995 to 0x0000000002ca8b6d
Event: 1.498 Thread 0x0000000002902800 Implicit null exception at 0x0000000002dbc86f to 0x0000000002dbc8d9
Event: 1.678 Thread 0x0000000002902800 Implicit null exception at 0x000000000304346c to 0x00000000030444f9
Event: 4.145 Thread 0x0000000002902800 Exception <a 'java/lang/NoClassDefFoundError': org/codehaus/plexus/util/interpolation/ValueSource> (0x00000000eb19e350) thrown at [C:\jenkins\workspace\8-2-build-windows-amd64-cygwin\jdk8u251\737\hotspot\src\share\vm\classfile\systemDictionary.cpp, line 1
Event: 4.150 Thread 0x0000000002902800 Exception <a 'java/lang/NoClassDefFoundError': org/sonatype/aether/version/VersionConstraint> (0x00000000eb1d6748) thrown at [C:\jenkins\workspace\8-2-build-windows-amd64-cygwin\jdk8u251\737\hotspot\src\share\vm\classfile\systemDictionary.cpp, line 199]
Event: 4.199 Thread 0x0000000002902800 Implicit null exception at 0x00000000032532b9 to 0x0000000003254409

Events (10 events):
Event: 4.230 loading class sun/nio/ch/Util$1
Event: 4.230 loading class sun/nio/ch/Util$1 done
Event: 4.230 loading class sun/nio/ch/Util$5
Event: 4.231 loading class sun/nio/ch/Util$5 done
Event: 4.231 loading class java/nio/DirectByteBufferR
Event: 4.232 loading class java/nio/DirectByteBufferR done
Event: 4.251 loading class org/codehaus/plexus/util/IOUtil
Event: 4.251 loading class org/codehaus/plexus/util/IOUtil done
Event: 4.251 loading class org/codehaus/plexus/util/IOUtil
Event: 4.251 loading class org/codehaus/plexus/util/IOUtil done


Dynamic libraries:
0x00007ff6df7c0000 - 0x00007ff6df7f7000 	C:\Program Files\Java\jdk1.8.0_251\bin\java.exe
0x00007ffa45d80000 - 0x00007ffa45f70000 	C:\Windows\SYSTEM32\ntdll.dll
0x00007ffa44fb0000 - 0x00007ffa45062000 	C:\Windows\System32\KERNEL32.DLL
0x00007ffa43800000 - 0x00007ffa43aa4000 	C:\Windows\System32\KERNELBASE.dll
0x00007ffa458b0000 - 0x00007ffa45953000 	C:\Windows\System32\ADVAPI32.dll
0x00007ffa45ca0000 - 0x00007ffa45d3e000 	C:\Windows\System32\msvcrt.dll
0x00007ffa444c0000 - 0x00007ffa44557000 	C:\Windows\System32\sechost.dll
0x00007ffa443a0000 - 0x00007ffa444c0000 	C:\Windows\System32\RPCRT4.dll
0x00007ffa44de0000 - 0x00007ffa44f74000 	C:\Windows\System32\USER32.dll
0x00007ffa43e00000 - 0x00007ffa43e21000 	C:\Windows\System32\win32u.dll
0x00007ffa44f80000 - 0x00007ffa44fa6000 	C:\Windows\System32\GDI32.dll
0x00007ffa42e10000 - 0x00007ffa42fa5000 	C:\Windows\System32\gdi32full.dll
0x00007ffa43760000 - 0x00007ffa437fe000 	C:\Windows\System32\msvcp_win.dll
0x00007ffa43d00000 - 0x00007ffa43dfa000 	C:\Windows\System32\ucrtbase.dll
0x00007ffa32260000 - 0x00007ffa324e4000 	C:\Windows\WinSxS\amd64_microsoft.windows.common-controls_6595b64144ccf1df_6.0.18362.900_none_e6beb9d913147d17\COMCTL32.dll
0x00007ffa45960000 - 0x00007ffa45c95000 	C:\Windows\System32\combase.dll
0x00007ffa42d90000 - 0x00007ffa42e10000 	C:\Windows\System32\bcryptPrimitives.dll
0x00007ffa44310000 - 0x00007ffa4433e000 	C:\Windows\System32\IMM32.DLL
0x00000000637f0000 - 0x00000000638c2000 	C:\Program Files\Java\jdk1.8.0_251\jre\bin\msvcr100.dll
0x00000000638d0000 - 0x000000006417b000 	C:\Program Files\Java\jdk1.8.0_251\jre\bin\server\jvm.dll
0x00007ffa44ba0000 - 0x00007ffa44ba8000 	C:\Windows\System32\PSAPI.DLL
0x00007ffa40d90000 - 0x00007ffa40db4000 	C:\Windows\SYSTEM32\WINMM.dll
0x00007ffa3f4e0000 - 0x00007ffa3f4e9000 	C:\Windows\SYSTEM32\WSOCK32.dll
0x00007ffa44bb0000 - 0x00007ffa44c1f000 	C:\Windows\System32\WS2_32.dll
0x00007ffa3b180000 - 0x00007ffa3b18a000 	C:\Windows\SYSTEM32\VERSION.dll
0x00007ffa40d30000 - 0x00007ffa40d5d000 	C:\Windows\SYSTEM32\WINMMBASE.dll
0x00007ffa43ab0000 - 0x00007ffa43afa000 	C:\Windows\System32\cfgmgr32.dll
0x00007ffa3f5a0000 - 0x00007ffa3f5af000 	C:\Program Files\Java\jdk1.8.0_251\jre\bin\verify.dll
0x00007ffa30690000 - 0x00007ffa306b9000 	C:\Program Files\Java\jdk1.8.0_251\jre\bin\java.dll
0x00007ffa36bb0000 - 0x00007ffa36bc6000 	C:\Program Files\Java\jdk1.8.0_251\jre\bin\zip.dll
0x00007ffa45110000 - 0x00007ffa457f6000 	C:\Windows\System32\SHELL32.dll
0x00007ffa45800000 - 0x00007ffa458a9000 	C:\Windows\System32\shcore.dll
0x00007ffa42fe0000 - 0x00007ffa43760000 	C:\Windows\System32\windows.storage.dll
0x00007ffa42ce0000 - 0x00007ffa42d03000 	C:\Windows\System32\profapi.dll
0x00007ffa42c70000 - 0x00007ffa42cba000 	C:\Windows\System32\powrprof.dll
0x00007ffa42c40000 - 0x00007ffa42c50000 	C:\Windows\System32\UMPDC.dll
0x00007ffa43e30000 - 0x00007ffa43e82000 	C:\Windows\System32\shlwapi.dll
0x00007ffa42c50000 - 0x00007ffa42c61000 	C:\Windows\System32\kernel.appcore.dll
0x00007ffa42d70000 - 0x00007ffa42d87000 	C:\Windows\System32\cryptsp.dll
0x00007ffa368b0000 - 0x00007ffa368ca000 	C:\Program Files\Java\jdk1.8.0_251\jre\bin\net.dll
0x00007ffa42450000 - 0x00007ffa424b7000 	C:\Windows\system32\mswsock.dll
0x00007ffa30ca0000 - 0x00007ffa30cb2000 	C:\Program Files\Java\jdk1.8.0_251\jre\bin\nio.dll

VM Arguments:
jvm_args: -Dclassworlds.conf=C:\Program Files\NetBeans-11.2\netbeans\java\maven\bin\m2.conf -Dmaven.home=C:\Program Files\NetBeans-11.2\netbeans\java\maven -Dmaven.multiModuleProjectDirectory=C:\Users\Usuario\Documents\NetBeansProjects\loja-api 
java_command: org.codehaus.plexus.classworlds.launcher.Launcher -Dmaven.ext.class.path=C:\Program Files\NetBeans-11.2\netbeans\java\maven-nblib\netbeans-eventspy.jar -Dfile.encoding=UTF-8 clean install
java_class_path (initial): C:\Program Files\NetBeans-11.2\netbeans\java\maven\boot\plexus-classworlds-2.5.2.jar
Launcher Type: SUN_STANDARD

Environment Variables:
JAVA_HOME=C:\Program Files\Java\jdk1.8.0_251
PATH=C:\Program Files (x86)\Embarcadero\Studio\20.0\bin;C:\Users\Public\Documents\Embarcadero\Studio\20.0\Bpl;C:\Program Files (x86)\Embarcadero\Studio\20.0\bin64;C:\Users\Public\Documents\Embarcadero\Studio\20.0\Bpl\Win64;C:\Python38\Scripts\;C:\Python38\;C:\Program Files (x86)\Common Files\Oracle\Java\javapath;C:\Windows\system32;C:\Windows;C:\Windows\System32\Wbem;C:\Windows\System32\WindowsPowerShell\v1.0\;C:\Windows\System32\OpenSSH\;C:\Program Files (x86)\ATI Technologies\ATI.ACE\Core-Static;C:\Program Files (x86)\AMD\ATI.ACE\Core-Static;C:\ProgramData\chocolatey\bin;C:\Program Files\nodejs\;C:\Program Files\TortoiseSVN\bin;C:\Program Files\Git\cmd;C:\Program Files (x86)\Gow\bin;C:\Users\Usuario\AppData\Local\Microsoft\WindowsApps;C:\Users\Usuario\AppData\Local\Programs\Microsoft VS Code\bin;C:\Users\Usuario\AppData\Roaming\npm
USERNAME=Usuario
OS=Windows_NT
PROCESSOR_IDENTIFIER=Intel64 Family 6 Model 158 Stepping 10, GenuineIntel



---------------  S Y S T E M  ---------------

OS: Windows 10.0 , 64 bit Build 18362 (10.0.18362.900)

CPU:total 4 (initial active 4) (4 cores per cpu, 1 threads per core) family 6 model 158 stepping 10, cmov, cx8, fxsr, mmx, sse, sse2, sse3, ssse3, sse4.1, sse4.2, popcnt, avx, avx2, aes, clmul, erms, 3dnowpref, lzcnt, tsc, tscinvbit, bmi1, bmi2, adx

Memory: 4k page, physical 4137296k(144736k free), swap 16720208k(5260k free)

vm_info: Java HotSpot(TM) 64-Bit Server VM (25.251-b08) for windows-amd64 JRE (1.8.0_251-b08), built on Mar 12 2020 06:31:49 by "" with MS VC++ 10.0 (VS2010)

time: Tue Jul 14 09:07:37 2020
timezone: Hora oficial do Brasil
elapsed time: 4 seconds (0d 0h 0m 4s)

